2017-11-11 13:49:02.846 [br.com.fish.devops.Application.main()] INFO  br.com.fish.devops.Application - Starting Application on thiago-VirtualBox with PID 10874 (/home/thiago/Downloads/Pedido/target/classes started by thiago in /home/thiago/Downloads/Pedido)
2017-11-11 13:49:03.154 [br.com.fish.devops.Application.main()] INFO  org.springframework.boot.context.embedded.AnnotationConfigEmbeddedWebApplicationContext - Refreshing org.springframework.boot.context.embedded.AnnotationConfigEmbeddedWebApplicationContext@2afe5460: startup date [Sat Nov 11 13:49:03 BRT 2017]; root of context hierarchy
2017-11-11 13:49:06.031 [br.com.fish.devops.Application.main()] INFO  org.springframework.beans.factory.support.DefaultListableBeanFactory - Overriding bean definition for bean 'beanNameViewResolver': replacing [Root bean: class [null]; scope=; abstract=false; lazyInit=false; autowireMode=3; dependencyCheck=0; autowireCandidate=true; primary=false; factoryBeanName=org.springframework.boot.autoconfigure.web.ErrorMvcAutoConfiguration$WhitelabelErrorViewConfiguration; factoryMethodName=beanNameViewResolver; initMethodName=null; destroyMethodName=(inferred); defined in class path resource [org/springframework/boot/autoconfigure/web/ErrorMvcAutoConfiguration$WhitelabelErrorViewConfiguration.class]] with [Root bean: class [null]; scope=; abstract=false; lazyInit=false; autowireMode=3; dependencyCheck=0; autowireCandidate=true; primary=false; factoryBeanName=org.springframework.boot.autoconfigure.web.WebMvcAutoConfiguration$WebMvcAutoConfigurationAdapter; factoryMethodName=beanNameViewResolver; initMethodName=null; destroyMethodName=(inferred); defined in class path resource [org/springframework/boot/autoconfigure/web/WebMvcAutoConfiguration$WebMvcAutoConfigurationAdapter.class]]
2017-11-11 13:49:07.255 [br.com.fish.devops.Application.main()] INFO  org.springframework.beans.factory.annotation.AutowiredAnnotationBeanPostProcessor - JSR-330 'javax.inject.Inject' annotation found and supported for autowiring
2017-11-11 13:49:07.591 [br.com.fish.devops.Application.main()] INFO  org.hibernate.validator.internal.util.Version - HV000001: Hibernate Validator 5.0.0.Final
2017-11-11 13:49:09.666 [br.com.fish.devops.Application.main()] INFO  org.springframework.boot.context.embedded.tomcat.TomcatEmbeddedServletContainer - Tomcat initialized with port(s): 8081/http
2017-11-11 13:49:10.530 [br.com.fish.devops.Application.main()] INFO  org.apache.catalina.core.StandardService - Starting service Tomcat
2017-11-11 13:49:10.550 [br.com.fish.devops.Application.main()] INFO  org.apache.catalina.core.StandardEngine - Starting Servlet Engine: Apache Tomcat/8.0.15
2017-11-11 13:49:11.564 [localhost-startStop-1] INFO  org.apache.catalina.core.ContainerBase.[Tomcat].[localhost].[/] - Initializing Spring embedded WebApplicationContext
2017-11-11 13:49:11.606 [localhost-startStop-1] INFO  org.springframework.web.context.ContextLoader - Root WebApplicationContext: initialization completed in 8470 ms
2017-11-11 13:49:15.500 [localhost-startStop-1] INFO  org.springframework.boot.context.embedded.FilterRegistrationBean - Mapping filter: 'requestContextFilter' to: [/*]
2017-11-11 13:49:15.507 [localhost-startStop-1] INFO  org.springframework.boot.context.embedded.FilterRegistrationBean - Mapping filter: 'hiddenHttpMethodFilter' to: [/*]
2017-11-11 13:49:15.537 [localhost-startStop-1] INFO  org.springframework.boot.context.embedded.FilterRegistrationBean - Mapping filter: 'characterEncodingFilter' to: [/*]
2017-11-11 13:49:15.542 [localhost-startStop-1] INFO  org.springframework.boot.context.embedded.ServletRegistrationBean - Mapping servlet: 'jerseyServlet' to [/*]
2017-11-11 13:49:15.569 [localhost-startStop-1] INFO  org.springframework.boot.context.embedded.ServletRegistrationBean - Mapping servlet: 'dispatcherServlet' to [/]
2017-11-11 13:49:16.410 [br.com.fish.devops.Application.main()] INFO  org.springframework.web.servlet.mvc.method.annotation.RequestMappingHandlerAdapter - Looking for @ControllerAdvice: org.springframework.boot.context.embedded.AnnotationConfigEmbeddedWebApplicationContext@2afe5460: startup date [Sat Nov 11 13:49:03 BRT 2017]; root of context hierarchy
2017-11-11 13:49:16.650 [br.com.fish.devops.Application.main()] INFO  org.springframework.web.servlet.mvc.method.annotation.RequestMappingHandlerMapping - Mapped "{[/error],methods=[],params=[],headers=[],consumes=[],produces=[text/html],custom=[]}" onto public org.springframework.web.servlet.ModelAndView org.springframework.boot.autoconfigure.web.BasicErrorController.errorHtml(javax.servlet.http.HttpServletRequest)
2017-11-11 13:49:16.654 [br.com.fish.devops.Application.main()] INFO  org.springframework.web.servlet.mvc.method.annotation.RequestMappingHandlerMapping - Mapped "{[/error],methods=[],params=[],headers=[],consumes=[],produces=[],custom=[]}" onto public org.springframework.http.ResponseEntity<java.util.Map<java.lang.String, java.lang.Object>> org.springframework.boot.autoconfigure.web.BasicErrorController.error(javax.servlet.http.HttpServletRequest)
2017-11-11 13:49:16.789 [br.com.fish.devops.Application.main()] INFO  org.springframework.web.servlet.handler.SimpleUrlHandlerMapping - Mapped URL path [/webjars/**] onto handler of type [class org.springframework.web.servlet.resource.ResourceHttpRequestHandler]
2017-11-11 13:49:16.798 [br.com.fish.devops.Application.main()] INFO  org.springframework.web.servlet.handler.SimpleUrlHandlerMapping - Mapped URL path [/**] onto handler of type [class org.springframework.web.servlet.resource.ResourceHttpRequestHandler]
2017-11-11 13:49:16.947 [br.com.fish.devops.Application.main()] INFO  org.springframework.web.servlet.handler.SimpleUrlHandlerMapping - Mapped URL path [/**/favicon.ico] onto handler of type [class org.springframework.web.servlet.resource.ResourceHttpRequestHandler]
2017-11-11 13:49:17.193 [br.com.fish.devops.Application.main()] INFO  org.springframework.jmx.export.annotation.AnnotationMBeanExporter - Registering beans for JMX exposure on startup
2017-11-11 13:49:17.266 [br.com.fish.devops.Application.main()] INFO  org.apache.coyote.http11.Http11NioProtocol - Initializing ProtocolHandler ["http-nio-8081"]
2017-11-11 13:49:17.302 [br.com.fish.devops.Application.main()] INFO  org.apache.coyote.http11.Http11NioProtocol - Starting ProtocolHandler ["http-nio-8081"]
2017-11-11 13:49:17.320 [br.com.fish.devops.Application.main()] INFO  org.apache.tomcat.util.net.NioSelectorPool - Using a shared selector for servlet write/read
2017-11-11 13:49:17.367 [br.com.fish.devops.Application.main()] INFO  org.springframework.boot.context.embedded.tomcat.TomcatEmbeddedServletContainer - Tomcat started on port(s): 8081/http
2017-11-11 13:49:17.376 [br.com.fish.devops.Application.main()] INFO  br.com.fish.devops.Application - Started Application in 15.804 seconds (JVM running for 37.518)
2017-11-11 13:52:12.999 [http-nio-8081-exec-1] INFO  br.com.fish.devops.rest.PedidoRestService - foram buscados todos os pedidos!
2017-11-11 13:52:55.215 [http-nio-8081-exec-2] INFO  br.com.fish.devops.rest.PedidoRestService - foram buscados todos os pedidos!
2017-11-11 13:53:08.931 [http-nio-8081-exec-4] INFO  br.com.fish.devops.rest.PedidoRestService - pedido 1 do cliente 1 adicionou o produto 1
2017-11-11 13:53:25.945 [http-nio-8081-exec-6] INFO  br.com.fish.devops.rest.PedidoRestService - pedido 1 do cliente 1 adicionou o produto 1
2017-11-11 13:53:36.649 [http-nio-8081-exec-8] INFO  br.com.fish.devops.rest.PedidoRestService - pedido 1 do cliente 1 adicionou o produto 1
2017-11-11 13:54:05.458 [http-nio-8081-exec-10] INFO  br.com.fish.devops.rest.PedidoRestService - foram buscados todos os pedidos!
2017-11-11 13:59:44.106 [Thread-1] INFO  org.springframework.boot.context.embedded.AnnotationConfigEmbeddedWebApplicationContext - Closing org.springframework.boot.context.embedded.AnnotationConfigEmbeddedWebApplicationContext@2afe5460: startup date [Sat Nov 11 13:49:03 BRT 2017]; root of context hierarchy
